0 info it worked if it ends with ok
1 verbose cli [ '/usr/local/bin/node',
1 verbose cli   '/usr/local/bin/npm',
1 verbose cli   'run',
1 verbose cli   'lint-watch' ]
2 info using npm@3.10.10
3 info using node@v6.9.3
4 verbose run-script [ 'prelint-watch', 'lint-watch', 'postlint-watch' ]
5 info lifecycle gaby@0.0.0~prelint-watch: gaby@0.0.0
6 silly lifecycle gaby@0.0.0~prelint-watch: no script for prelint-watch, continuing
7 info lifecycle gaby@0.0.0~lint-watch: gaby@0.0.0
8 verbose lifecycle gaby@0.0.0~lint-watch: unsafe-perm in lifecycle true
9 verbose lifecycle gaby@0.0.0~lint-watch: PATH: /usr/local/lib/node_modules/npm/bin/node-gyp-bin:/Users/natelipp/code/databases/mongo/gaby/node_modules/.bin:/Users/natelipp/.pyenv/shims:/Users/natelipp/.pyenv/bin:/usr/local/bin:/usr/bin:/bin:/usr/sbin:/sbin:/opt/X11/bin:/opt/ImageMagick/bin:/Users/natelipp/.rvm/bin:/usr/local/mysql/bin:/usr/local/mysql/bin:/usr/local/mysql/bin:/usr/local/mysql/bin:/usr/local/mysql/bin
10 verbose lifecycle gaby@0.0.0~lint-watch: CWD: /Users/natelipp/code/databases/mongo/gaby
11 silly lifecycle gaby@0.0.0~lint-watch: Args: [ '-c', 'npm run lint -- --watch' ]
12 silly lifecycle gaby@0.0.0~lint-watch: Returned: code: 1  signal: null
13 info lifecycle gaby@0.0.0~lint-watch: Failed to exec lint-watch script
14 verbose stack Error: gaby@0.0.0 lint-watch: `npm run lint -- --watch`
14 verbose stack Exit status 1
14 verbose stack     at EventEmitter.<anonymous> (/usr/local/lib/node_modules/npm/lib/utils/lifecycle.js:255:16)
14 verbose stack     at emitTwo (events.js:106:13)
14 verbose stack     at EventEmitter.emit (events.js:191:7)
14 verbose stack     at ChildProcess.<anonymous> (/usr/local/lib/node_modules/npm/lib/utils/spawn.js:40:14)
14 verbose stack     at emitTwo (events.js:106:13)
14 verbose stack     at ChildProcess.emit (events.js:191:7)
14 verbose stack     at maybeClose (internal/child_process.js:877:16)
14 verbose stack     at Process.ChildProcess._handle.onexit (internal/child_process.js:226:5)
15 verbose pkgid gaby@0.0.0
16 verbose cwd /Users/natelipp/code/databases/mongo/gaby
17 error Darwin 16.6.0
18 error argv "/usr/local/bin/node" "/usr/local/bin/npm" "run" "lint-watch"
19 error node v6.9.3
20 error npm  v3.10.10
21 error code ELIFECYCLE
22 error gaby@0.0.0 lint-watch: `npm run lint -- --watch`
22 error Exit status 1
23 error Failed at the gaby@0.0.0 lint-watch script 'npm run lint -- --watch'.
23 error Make sure you have the latest version of node.js and npm installed.
23 error If you do, this is most likely a problem with the gaby package,
23 error not with npm itself.
23 error Tell the author that this fails on your system:
23 error     npm run lint -- --watch
23 error You can get information on how to open an issue for this project with:
23 error     npm bugs gaby
23 error Or if that isn't available, you can get their info via:
23 error     npm owner ls gaby
23 error There is likely additional logging output above.
24 verbose exit [ 1, true ]
